{"/mnt/c/Users/work4/Documents/projects/hs/client/secondaryFunctions.js": {"path":"/mnt/c/Users/work4/Documents/projects/hs/client/secondaryFunctions.js","statementMap":{"0":{"start":{"line":2,"column":19},"end":{"line":55,"column":1}},"1":{"start":{"line":5,"column":80},"end":{"line":5,"column":84}},"2":{"start":{"line":6,"column":24},"end":{"line":13,"column":6}},"3":{"start":{"line":14,"column":20},"end":{"line":14,"column":44}},"4":{"start":{"line":15,"column":4},"end":{"line":15,"column":18}},"5":{"start":{"line":20,"column":24},"end":{"line":20,"column":60}},"6":{"start":{"line":21,"column":20},"end":{"line":21,"column":44}},"7":{"start":{"line":22,"column":4},"end":{"line":22,"column":18}},"8":{"start":{"line":27,"column":24},"end":{"line":27,"column":54}},"9":{"start":{"line":28,"column":20},"end":{"line":28,"column":44}},"10":{"start":{"line":29,"column":4},"end":{"line":29,"column":18}},"11":{"start":{"line":33,"column":84},"end":{"line":33,"column":88}},"12":{"start":{"line":34,"column":24},"end":{"line":41,"column":6}},"13":{"start":{"line":42,"column":20},"end":{"line":42,"column":44}},"14":{"start":{"line":43,"column":4},"end":{"line":43,"column":18}},"15":{"start":{"line":48,"column":24},"end":{"line":50,"column":6}},"16":{"start":{"line":51,"column":20},"end":{"line":51,"column":44}},"17":{"start":{"line":53,"column":4},"end":{"line":53,"column":18}},"18":{"start":{"line":57,"column":20},"end":{"line":57,"column":35}},"19":{"start":{"line":57,"column":30},"end":{"line":57,"column":35}},"20":{"start":{"line":59,"column":23},"end":{"line":61,"column":1}},"21":{"start":{"line":60,"column":2},"end":{"line":60,"column":56}},"22":{"start":{"line":60,"column":32},"end":{"line":60,"column":55}}},"fnMap":{"0":{"name":"(anonymous_0)","decl":{"start":{"line":4,"column":2},"end":{"line":4,"column":3}},"loc":{"start":{"line":4,"column":28},"end":{"line":16,"column":3}},"line":4},"1":{"name":"(anonymous_1)","decl":{"start":{"line":19,"column":2},"end":{"line":19,"column":3}},"loc":{"start":{"line":19,"column":26},"end":{"line":23,"column":3}},"line":19},"2":{"name":"(anonymous_2)","decl":{"start":{"line":26,"column":2},"end":{"line":26,"column":3}},"loc":{"start":{"line":26,"column":22},"end":{"line":30,"column":3}},"line":26},"3":{"name":"(anonymous_3)","decl":{"start":{"line":32,"column":2},"end":{"line":32,"column":3}},"loc":{"start":{"line":32,"column":28},"end":{"line":44,"column":3}},"line":32},"4":{"name":"(anonymous_4)","decl":{"start":{"line":47,"column":2},"end":{"line":47,"column":3}},"loc":{"start":{"line":47,"column":26},"end":{"line":54,"column":3}},"line":47},"5":{"name":"(anonymous_5)","decl":{"start":{"line":57,"column":20},"end":{"line":57,"column":21}},"loc":{"start":{"line":57,"column":30},"end":{"line":57,"column":35}},"line":57},"6":{"name":"(anonymous_6)","decl":{"start":{"line":59,"column":23},"end":{"line":59,"column":24}},"loc":{"start":{"line":59,"column":37},"end":{"line":61,"column":1}},"line":59},"7":{"name":"(anonymous_7)","decl":{"start":{"line":60,"column":21},"end":{"line":60,"column":22}},"loc":{"start":{"line":60,"column":32},"end":{"line":60,"column":55}},"line":60}},"branchMap":{},"s":{"0":4,"1":0,"2":0,"3":0,"4":0,"5":0,"6":0,"7":0,"8":0,"9":0,"10":0,"11":0,"12":0,"13":0,"14":0,"15":0,"16":0,"17":0,"18":4,"19":1,"20":4,"21":0,"22":0},"f":{"0":0,"1":0,"2":0,"3":0,"4":0,"5":1,"6":0,"7":0},"b":{},"_coverageSchema":"1a1c01bbd47fc00a2c39e90264f33305004495a9","hash":"7788ba3f08902fdfa02b1b691e13c945872685bd"}
,"/mnt/c/Users/work4/Documents/projects/hs/client/components/Home.js": {"path":"/mnt/c/Users/work4/Documents/projects/hs/client/components/Home.js","statementMap":{"0":{"start":{"line":7,"column":13},"end":{"line":48,"column":1}},"1":{"start":{"line":8,"column":42},"end":{"line":8,"column":54}},"2":{"start":{"line":9,"column":40},"end":{"line":9,"column":52}},"3":{"start":{"line":10,"column":44},"end":{"line":10,"column":58}},"4":{"start":{"line":11,"column":62},"end":{"line":11,"column":74}},"5":{"start":{"line":13,"column":2},"end":{"line":18,"column":8}},"6":{"start":{"line":14,"column":4},"end":{"line":17,"column":5}},"7":{"start":{"line":15,"column":19},"end":{"line":15,"column":42}},"8":{"start":{"line":16,"column":6},"end":{"line":16,"column":27}},"9":{"start":{"line":20,"column":2},"end":{"line":47,"column":3}}},"fnMap":{"0":{"name":"(anonymous_0)","decl":{"start":{"line":7,"column":13},"end":{"line":7,"column":14}},"loc":{"start":{"line":7,"column":19},"end":{"line":48,"column":1}},"line":7},"1":{"name":"(anonymous_1)","decl":{"start":{"line":13,"column":12},"end":{"line":13,"column":13}},"loc":{"start":{"line":13,"column":24},"end":{"line":18,"column":3}},"line":13}},"branchMap":{"0":{"loc":{"start":{"line":14,"column":4},"end":{"line":17,"column":5}},"type":"if","locations":[{"start":{"line":14,"column":4},"end":{"line":17,"column":5}},{"start":{"line":14,"column":4},"end":{"line":17,"column":5}}],"line":14},"1":{"loc":{"start":{"line":34,"column":7},"end":{"line":44,"column":40}},"type":"cond-expr","locations":[{"start":{"line":35,"column":8},"end":{"line":39,"column":48}},{"start":{"line":40,"column":8},"end":{"line":44,"column":40}}],"line":34}},"s":{"0":1,"1":3,"2":3,"3":3,"4":3,"5":3,"6":0,"7":0,"8":0,"9":3},"f":{"0":3,"1":0},"b":{"0":[0,0],"1":[3,0]},"_coverageSchema":"1a1c01bbd47fc00a2c39e90264f33305004495a9","hash":"3405f40fd7857399f20c75b920592aa20d5aab8f"}
,"/mnt/c/Users/work4/Documents/projects/hs/client/components/patientCreationForm.js": {"path":"/mnt/c/Users/work4/Documents/projects/hs/client/components/patientCreationForm.js","statementMap":{"0":{"start":{"line":4,"column":22},"end":{"line":4,"column":101}},"1":{"start":{"line":7,"column":28},"end":{"line":58,"column":1}},"2":{"start":{"line":10,"column":23},"end":{"line":29,"column":3}},"3":{"start":{"line":11,"column":4},"end":{"line":11,"column":22}},"4":{"start":{"line":12,"column":4},"end":{"line":27,"column":5}},"5":{"start":{"line":13,"column":19},"end":{"line":15,"column":12}},"6":{"start":{"line":14,"column":8},"end":{"line":14,"column":66}},"7":{"start":{"line":17,"column":6},"end":{"line":21,"column":7}},"8":{"start":{"line":18,"column":8},"end":{"line":18,"column":80}},"9":{"start":{"line":20,"column":8},"end":{"line":20,"column":37}},"10":{"start":{"line":22,"column":22},"end":{"line":22,"column":45}},"11":{"start":{"line":23,"column":6},"end":{"line":23,"column":30}},"12":{"start":{"line":24,"column":6},"end":{"line":24,"column":35}},"13":{"start":{"line":26,"column":6},"end":{"line":26,"column":48}},"14":{"start":{"line":31,"column":33},"end":{"line":34,"column":3}},"15":{"start":{"line":32,"column":20},"end":{"line":32,"column":81}},"16":{"start":{"line":32,"column":46},"end":{"line":32,"column":80}},"17":{"start":{"line":33,"column":4},"end":{"line":33,"column":29}},"18":{"start":{"line":36,"column":2},"end":{"line":57,"column":3}},"19":{"start":{"line":42,"column":12},"end":{"line":50,"column":18}}},"fnMap":{"0":{"name":"(anonymous_0)","decl":{"start":{"line":7,"column":28},"end":{"line":7,"column":29}},"loc":{"start":{"line":7,"column":118},"end":{"line":58,"column":1}},"line":7},"1":{"name":"(anonymous_1)","decl":{"start":{"line":10,"column":23},"end":{"line":10,"column":24}},"loc":{"start":{"line":10,"column":36},"end":{"line":29,"column":3}},"line":10},"2":{"name":"(anonymous_2)","decl":{"start":{"line":13,"column":33},"end":{"line":13,"column":34}},"loc":{"start":{"line":13,"column":49},"end":{"line":15,"column":7}},"line":13},"3":{"name":"(anonymous_3)","decl":{"start":{"line":31,"column":33},"end":{"line":31,"column":34}},"loc":{"start":{"line":31,"column":48},"end":{"line":34,"column":3}},"line":31},"4":{"name":"(anonymous_4)","decl":{"start":{"line":32,"column":38},"end":{"line":32,"column":39}},"loc":{"start":{"line":32,"column":46},"end":{"line":32,"column":80}},"line":32},"5":{"name":"(anonymous_5)","decl":{"start":{"line":41,"column":22},"end":{"line":41,"column":23}},"loc":{"start":{"line":42,"column":12},"end":{"line":50,"column":18}},"line":42}},"branchMap":{"0":{"loc":{"start":{"line":17,"column":6},"end":{"line":21,"column":7}},"type":"if","locations":[{"start":{"line":17,"column":6},"end":{"line":21,"column":7}},{"start":{"line":17,"column":6},"end":{"line":21,"column":7}}],"line":17},"1":{"loc":{"start":{"line":39,"column":13},"end":{"line":39,"column":81}},"type":"cond-expr","locations":[{"start":{"line":39,"column":38},"end":{"line":39,"column":60}},{"start":{"line":39,"column":63},"end":{"line":39,"column":81}}],"line":39},"2":{"loc":{"start":{"line":46,"column":30},"end":{"line":46,"column":89}},"type":"cond-expr","locations":[{"start":{"line":46,"column":55},"end":{"line":46,"column":84}},{"start":{"line":46,"column":87},"end":{"line":46,"column":89}}],"line":46}},"s":{"0":2,"1":2,"2":2,"3":1,"4":1,"5":1,"6":7,"7":1,"8":0,"9":1,"10":1,"11":1,"12":1,"13":0,"14":2,"15":7,"16":14,"17":7,"18":2,"19":14},"f":{"0":2,"1":1,"2":7,"3":7,"4":14,"5":14},"b":{"0":[0,1],"1":[1,1],"2":[7,7]},"_coverageSchema":"1a1c01bbd47fc00a2c39e90264f33305004495a9","hash":"6b9276c3f22c3089d2ae16dd110c034807d107f1"}
,"/mnt/c/Users/work4/Documents/projects/hs/client/components/patientList.js": {"path":"/mnt/c/Users/work4/Documents/projects/hs/client/components/patientList.js","statementMap":{"0":{"start":{"line":4,"column":20},"end":{"line":86,"column":1}},"1":{"start":{"line":6,"column":21},"end":{"line":10,"column":3}},"2":{"start":{"line":7,"column":4},"end":{"line":7,"column":22}},"3":{"start":{"line":8,"column":4},"end":{"line":8,"column":40}},"4":{"start":{"line":9,"column":4},"end":{"line":9,"column":27}},"5":{"start":{"line":12,"column":21},"end":{"line":17,"column":3}},"6":{"start":{"line":13,"column":4},"end":{"line":13,"column":22}},"7":{"start":{"line":14,"column":4},"end":{"line":14,"column":38}},"8":{"start":{"line":15,"column":20},"end":{"line":15,"column":43}},"9":{"start":{"line":16,"column":4},"end":{"line":16,"column":27}},"10":{"start":{"line":18,"column":15},"end":{"line":42,"column":3}},"11":{"start":{"line":19,"column":4},"end":{"line":19,"column":22}},"12":{"start":{"line":20,"column":4},"end":{"line":41,"column":5}},"13":{"start":{"line":22,"column":31},"end":{"line":22,"column":96}},"14":{"start":{"line":22,"column":63},"end":{"line":22,"column":95}},"15":{"start":{"line":23,"column":8},"end":{"line":27,"column":9}},"16":{"start":{"line":24,"column":10},"end":{"line":24,"column":50}},"17":{"start":{"line":26,"column":10},"end":{"line":26,"column":40}},"18":{"start":{"line":28,"column":8},"end":{"line":28,"column":19}},"19":{"start":{"line":31,"column":31},"end":{"line":31,"column":85}},"20":{"start":{"line":31,"column":63},"end":{"line":31,"column":84}},"21":{"start":{"line":32,"column":8},"end":{"line":36,"column":9}},"22":{"start":{"line":33,"column":10},"end":{"line":33,"column":50}},"23":{"start":{"line":35,"column":10},"end":{"line":35,"column":40}},"24":{"start":{"line":37,"column":8},"end":{"line":37,"column":19}},"25":{"start":{"line":40,"column":8},"end":{"line":40,"column":19}},"26":{"start":{"line":44,"column":2},"end":{"line":85,"column":3}},"27":{"start":{"line":52,"column":45},"end":{"line":52,"column":63}},"28":{"start":{"line":55,"column":45},"end":{"line":55,"column":59}},"29":{"start":{"line":59,"column":45},"end":{"line":59,"column":68}},"30":{"start":{"line":67,"column":14},"end":{"line":79,"column":19}},"31":{"start":{"line":75,"column":81},"end":{"line":75,"column":106}},"32":{"start":{"line":76,"column":81},"end":{"line":76,"column":106}}},"fnMap":{"0":{"name":"(anonymous_0)","decl":{"start":{"line":4,"column":20},"end":{"line":4,"column":21}},"loc":{"start":{"line":4,"column":102},"end":{"line":86,"column":1}},"line":4},"1":{"name":"(anonymous_1)","decl":{"start":{"line":6,"column":21},"end":{"line":6,"column":22}},"loc":{"start":{"line":6,"column":39},"end":{"line":10,"column":3}},"line":6},"2":{"name":"(anonymous_2)","decl":{"start":{"line":12,"column":21},"end":{"line":12,"column":22}},"loc":{"start":{"line":12,"column":45},"end":{"line":17,"column":3}},"line":12},"3":{"name":"(anonymous_3)","decl":{"start":{"line":18,"column":15},"end":{"line":18,"column":16}},"loc":{"start":{"line":18,"column":29},"end":{"line":42,"column":3}},"line":18},"4":{"name":"(anonymous_4)","decl":{"start":{"line":22,"column":53},"end":{"line":22,"column":54}},"loc":{"start":{"line":22,"column":63},"end":{"line":22,"column":95}},"line":22},"5":{"name":"(anonymous_5)","decl":{"start":{"line":31,"column":53},"end":{"line":31,"column":54}},"loc":{"start":{"line":31,"column":63},"end":{"line":31,"column":84}},"line":31},"6":{"name":"(anonymous_6)","decl":{"start":{"line":52,"column":38},"end":{"line":52,"column":39}},"loc":{"start":{"line":52,"column":45},"end":{"line":52,"column":63}},"line":52},"7":{"name":"(anonymous_7)","decl":{"start":{"line":55,"column":38},"end":{"line":55,"column":39}},"loc":{"start":{"line":55,"column":45},"end":{"line":55,"column":59}},"line":55},"8":{"name":"(anonymous_8)","decl":{"start":{"line":59,"column":38},"end":{"line":59,"column":39}},"loc":{"start":{"line":59,"column":45},"end":{"line":59,"column":68}},"line":59},"9":{"name":"(anonymous_9)","decl":{"start":{"line":66,"column":44},"end":{"line":66,"column":45}},"loc":{"start":{"line":67,"column":14},"end":{"line":79,"column":19}},"line":67},"10":{"name":"(anonymous_10)","decl":{"start":{"line":75,"column":74},"end":{"line":75,"column":75}},"loc":{"start":{"line":75,"column":81},"end":{"line":75,"column":106}},"line":75},"11":{"name":"(anonymous_11)","decl":{"start":{"line":76,"column":74},"end":{"line":76,"column":75}},"loc":{"start":{"line":76,"column":81},"end":{"line":76,"column":106}},"line":76}},"branchMap":{"0":{"loc":{"start":{"line":20,"column":4},"end":{"line":41,"column":5}},"type":"switch","locations":[{"start":{"line":21,"column":6},"end":{"line":21,"column":21}},{"start":{"line":21,"column":22},"end":{"line":29,"column":7}},{"start":{"line":30,"column":6},"end":{"line":38,"column":7}},{"start":{"line":39,"column":6},"end":{"line":40,"column":19}}],"line":20},"1":{"loc":{"start":{"line":23,"column":8},"end":{"line":27,"column":9}},"type":"if","locations":[{"start":{"line":23,"column":8},"end":{"line":27,"column":9}},{"start":{"line":23,"column":8},"end":{"line":27,"column":9}}],"line":23},"2":{"loc":{"start":{"line":32,"column":8},"end":{"line":36,"column":9}},"type":"if","locations":[{"start":{"line":32,"column":8},"end":{"line":36,"column":9}},{"start":{"line":32,"column":8},"end":{"line":36,"column":9}}],"line":32},"3":{"loc":{"start":{"line":66,"column":13},"end":{"line":80,"column":14}},"type":"binary-expr","locations":[{"start":{"line":66,"column":13},"end":{"line":66,"column":24}},{"start":{"line":66,"column":28},"end":{"line":80,"column":14}}],"line":66}},"s":{"0":2,"1":2,"2":0,"3":0,"4":0,"5":2,"6":0,"7":0,"8":0,"9":0,"10":2,"11":0,"12":0,"13":0,"14":0,"15":0,"16":0,"17":0,"18":0,"19":0,"20":0,"21":0,"22":0,"23":0,"24":0,"25":0,"26":2,"27":0,"28":0,"29":0,"30":3,"31":0,"32":0},"f":{"0":2,"1":0,"2":0,"3":0,"4":0,"5":0,"6":0,"7":0,"8":0,"9":3,"10":0,"11":0},"b":{"0":[0,0,0,0],"1":[0,0],"2":[0,0],"3":[2,1]},"_coverageSchema":"1a1c01bbd47fc00a2c39e90264f33305004495a9","hash":"1accd0b73831c910188c3fa5942db2785f98e01f"}
,"/mnt/c/Users/work4/Documents/projects/hs/client/components/workMenu.js": {"path":"/mnt/c/Users/work4/Documents/projects/hs/client/components/workMenu.js","statementMap":{"0":{"start":{"line":3,"column":17},"end":{"line":53,"column":1}},"1":{"start":{"line":5,"column":38},"end":{"line":5,"column":56}},"2":{"start":{"line":6,"column":17},"end":{"line":14,"column":3}},"3":{"start":{"line":7,"column":4},"end":{"line":7,"column":22}},"4":{"start":{"line":8,"column":4},"end":{"line":13,"column":5}},"5":{"start":{"line":9,"column":6},"end":{"line":9,"column":35}},"6":{"start":{"line":10,"column":28},"end":{"line":10,"column":143}},"7":{"start":{"line":10,"column":59},"end":{"line":10,"column":142}},"8":{"start":{"line":11,"column":6},"end":{"line":11,"column":35}},"9":{"start":{"line":12,"column":6},"end":{"line":12,"column":28}},"10":{"start":{"line":15,"column":18},"end":{"line":20,"column":3}},"11":{"start":{"line":16,"column":4},"end":{"line":16,"column":22}},"12":{"start":{"line":17,"column":4},"end":{"line":17,"column":33}},"13":{"start":{"line":18,"column":4},"end":{"line":18,"column":32}},"14":{"start":{"line":19,"column":4},"end":{"line":19,"column":26}},"15":{"start":{"line":21,"column":21},"end":{"line":25,"column":3}},"16":{"start":{"line":22,"column":4},"end":{"line":22,"column":22}},"17":{"start":{"line":23,"column":4},"end":{"line":23,"column":32}},"18":{"start":{"line":24,"column":4},"end":{"line":24,"column":27}},"19":{"start":{"line":27,"column":2},"end":{"line":52,"column":3}},"20":{"start":{"line":39,"column":33},"end":{"line":39,"column":62}}},"fnMap":{"0":{"name":"(anonymous_0)","decl":{"start":{"line":3,"column":17},"end":{"line":3,"column":18}},"loc":{"start":{"line":3,"column":100},"end":{"line":53,"column":1}},"line":3},"1":{"name":"(anonymous_1)","decl":{"start":{"line":6,"column":17},"end":{"line":6,"column":18}},"loc":{"start":{"line":6,"column":24},"end":{"line":14,"column":3}},"line":6},"2":{"name":"(anonymous_2)","decl":{"start":{"line":10,"column":48},"end":{"line":10,"column":49}},"loc":{"start":{"line":10,"column":59},"end":{"line":10,"column":142}},"line":10},"3":{"name":"(anonymous_3)","decl":{"start":{"line":15,"column":18},"end":{"line":15,"column":19}},"loc":{"start":{"line":15,"column":25},"end":{"line":20,"column":3}},"line":15},"4":{"name":"(anonymous_4)","decl":{"start":{"line":21,"column":21},"end":{"line":21,"column":22}},"loc":{"start":{"line":21,"column":28},"end":{"line":25,"column":3}},"line":21},"5":{"name":"(anonymous_5)","decl":{"start":{"line":39,"column":26},"end":{"line":39,"column":27}},"loc":{"start":{"line":39,"column":33},"end":{"line":39,"column":62}},"line":39}},"branchMap":{"0":{"loc":{"start":{"line":8,"column":4},"end":{"line":13,"column":5}},"type":"if","locations":[{"start":{"line":8,"column":4},"end":{"line":13,"column":5}},{"start":{"line":8,"column":4},"end":{"line":13,"column":5}}],"line":8},"1":{"loc":{"start":{"line":10,"column":59},"end":{"line":10,"column":142}},"type":"binary-expr","locations":[{"start":{"line":10,"column":59},"end":{"line":10,"column":96}},{"start":{"line":10,"column":100},"end":{"line":10,"column":142}}],"line":10}},"s":{"0":2,"1":9,"2":9,"3":2,"4":2,"5":1,"6":1,"7":3,"8":1,"9":1,"10":9,"11":0,"12":0,"13":0,"14":0,"15":9,"16":0,"17":0,"18":0,"19":9,"20":0},"f":{"0":9,"1":2,"2":3,"3":0,"4":0,"5":0},"b":{"0":[1,1],"1":[3,3]},"_coverageSchema":"1a1c01bbd47fc00a2c39e90264f33305004495a9","hash":"4e059e665138b5ebfbde2813269c413b1da3b512"}
}
