TN:
SF:client/secondaryFunctions.js
FN:4,(anonymous_0)
FN:19,(anonymous_1)
FN:26,(anonymous_2)
FN:32,(anonymous_3)
FN:47,(anonymous_4)
FN:57,(anonymous_5)
FN:59,(anonymous_6)
FN:60,(anonymous_7)
FNF:8
FNH:1
FNDA:0,(anonymous_0)
FNDA:0,(anonymous_1)
FNDA:0,(anonymous_2)
FNDA:0,(anonymous_3)
FNDA:0,(anonymous_4)
FNDA:1,(anonymous_5)
FNDA:0,(anonymous_6)
FNDA:0,(anonymous_7)
DA:2,5
DA:5,0
DA:6,0
DA:14,0
DA:15,0
DA:20,0
DA:21,0
DA:22,0
DA:27,0
DA:28,0
DA:29,0
DA:33,0
DA:34,0
DA:42,0
DA:43,0
DA:48,0
DA:51,0
DA:53,0
DA:57,5
DA:59,5
DA:60,0
LF:21
LH:3
BRF:0
BRH:0
end_of_record
TN:
SF:client/components/Home.js
FN:7,(anonymous_0)
FN:13,(anonymous_1)
FNF:2
FNH:1
FNDA:3,(anonymous_0)
FNDA:0,(anonymous_1)
DA:7,1
DA:8,3
DA:9,3
DA:10,3
DA:11,3
DA:13,3
DA:14,0
DA:15,0
DA:16,0
DA:20,3
LF:10
LH:7
BRDA:14,0,0,0
BRDA:14,0,1,0
BRDA:34,1,0,3
BRDA:34,1,1,0
BRF:4
BRH:1
end_of_record
TN:
SF:client/components/patientCreationForm.js
FN:7,(anonymous_0)
FN:10,(anonymous_1)
FN:13,(anonymous_2)
FN:31,(anonymous_3)
FN:32,(anonymous_4)
FN:41,(anonymous_5)
FNF:6
FNH:6
FNDA:2,(anonymous_0)
FNDA:1,(anonymous_1)
FNDA:7,(anonymous_2)
FNDA:7,(anonymous_3)
FNDA:14,(anonymous_4)
FNDA:14,(anonymous_5)
DA:4,3
DA:7,3
DA:10,2
DA:11,1
DA:12,1
DA:13,1
DA:14,7
DA:17,1
DA:18,0
DA:20,1
DA:22,1
DA:23,1
DA:24,1
DA:26,0
DA:31,2
DA:32,14
DA:33,7
DA:36,2
DA:42,14
LF:19
LH:17
BRDA:17,0,0,0
BRDA:17,0,1,1
BRDA:39,1,0,1
BRDA:39,1,1,1
BRDA:46,2,0,7
BRDA:46,2,1,7
BRF:6
BRH:5
end_of_record
TN:
SF:client/components/patientList.js
FN:4,(anonymous_0)
FN:6,(anonymous_1)
FN:12,(anonymous_2)
FN:18,(anonymous_3)
FN:22,(anonymous_4)
FN:31,(anonymous_5)
FN:52,(anonymous_6)
FN:55,(anonymous_7)
FN:59,(anonymous_8)
FN:66,(anonymous_9)
FN:75,(anonymous_10)
FN:76,(anonymous_11)
FNF:12
FNH:2
FNDA:2,(anonymous_0)
FNDA:0,(anonymous_1)
FNDA:0,(anonymous_2)
FNDA:0,(anonymous_3)
FNDA:0,(anonymous_4)
FNDA:0,(anonymous_5)
FNDA:0,(anonymous_6)
FNDA:0,(anonymous_7)
FNDA:0,(anonymous_8)
FNDA:3,(anonymous_9)
FNDA:0,(anonymous_10)
FNDA:0,(anonymous_11)
DA:4,2
DA:6,2
DA:7,0
DA:8,0
DA:9,0
DA:12,2
DA:13,0
DA:14,0
DA:15,0
DA:16,0
DA:18,2
DA:19,0
DA:20,0
DA:22,0
DA:23,0
DA:24,0
DA:26,0
DA:28,0
DA:31,0
DA:32,0
DA:33,0
DA:35,0
DA:37,0
DA:40,0
DA:44,2
DA:52,0
DA:55,0
DA:59,0
DA:67,3
DA:75,0
DA:76,0
LF:31
LH:6
BRDA:20,0,0,0
BRDA:20,0,1,0
BRDA:20,0,2,0
BRDA:20,0,3,0
BRDA:23,1,0,0
BRDA:23,1,1,0
BRDA:32,2,0,0
BRDA:32,2,1,0
BRDA:66,3,0,2
BRDA:66,3,1,1
BRF:10
BRH:2
end_of_record
TN:
SF:client/components/workMenu.js
FN:3,(anonymous_0)
FN:6,(anonymous_1)
FN:10,(anonymous_2)
FN:15,(anonymous_3)
FN:21,(anonymous_4)
FN:39,(anonymous_5)
FNF:6
FNH:3
FNDA:9,(anonymous_0)
FNDA:2,(anonymous_1)
FNDA:3,(anonymous_2)
FNDA:0,(anonymous_3)
FNDA:0,(anonymous_4)
FNDA:0,(anonymous_5)
DA:3,2
DA:5,9
DA:6,9
DA:7,2
DA:8,2
DA:9,1
DA:10,3
DA:11,1
DA:12,1
DA:15,9
DA:16,0
DA:17,0
DA:18,0
DA:19,0
DA:21,9
DA:22,0
DA:23,0
DA:24,0
DA:27,9
DA:39,0
LF:20
LH:12
BRDA:8,0,0,1
BRDA:8,0,1,1
BRDA:10,1,0,3
BRDA:10,1,1,3
BRF:4
BRH:4
end_of_record
